[2025-05-17T21:57:59.861Z] Запрос: "ои"
[2025-05-17T21:58:01.862Z] STDOUT: "STARTED\r\n"
[2025-05-17T21:58:03.018Z] STDOUT: "Введите текст для анонимизации:\r\n\r\nРезультат:\r\n\r\n"
[2025-05-17T21:58:03.026Z] STDOUT: "ои\r\n"
[2025-05-17T21:58:03.171Z] Ответ: ои
[2025-05-17T22:33:09.219Z] Запрос: "привет, меня зовут карим"
[2025-05-17T22:33:10.027Z] STDOUT: "Введите текст для анонимизации:\r\n\r\nРезультат:\r\n\r\n"
[2025-05-17T22:33:10.030Z] STDOUT: "привет, меня зовут карим\r\n"
[2025-05-17T22:33:10.090Z] Ответ: привет, меня зовут карим
[2025-05-17T22:33:22.750Z] Запрос: "привет, меня зовут касымханов карим"
[2025-05-17T22:33:23.525Z] STDOUT: "Введите текст для анонимизации:\r\n\r\nРезультат:\r\n\r\n"
[2025-05-17T22:33:23.528Z] STDOUT: "привет, меня зовут касымханов карим\r\n"
[2025-05-17T22:33:23.591Z] Ответ: привет, меня зовут касымханов карим
[2025-05-17T22:33:55.562Z] Запрос: "Подтверждение регистрации на имя Ермековой Айгуль Талгатовны, ИИН 960415300599, г. Тараз, ул. Абая, 13. Тел.: +7 (777) 121-33-44. Email: aigul.taraz@inbox.kz. Паспорт: N8812345. ИБАН: KZ71022KZT700210710710. Карта: 5169 4500 2310 7890. Загружены документы: selfie_with_passport.jpg, zapros_med.docx."
[2025-05-17T22:33:56.542Z] STDOUT: "Введите текст для анонимизации:\r\n\r\nРезультат:\r\n\r\n"
[2025-05-17T22:33:56.552Z] STDOUT: "Подтверждение регистрации на имя <FULL_NAME_1>, <IIN>, г. <LOCATION_1>, ул. <LOCATION_2>, 13. Тел.: <PHONE>. Email: <EMAIL>. Паспорт: N8<POSTAL_CODE>. <IBAN><POSTAL_CODE>. Карта: <CARD>. Загружены документы: selfie_with_passport.jpg, zapros_med.docx.\r\n"
[2025-05-17T22:33:56.618Z] Ответ: Подтверждение регистрации на имя <FULL_NAME_1>, <IIN>, г. <LOCATION_1>, ул. <LOCATION_2>, 13. Тел.: <PHONE>. Email: <EMAIL>. Паспорт: N8<POSTAL_CODE>. <IBAN><POSTAL_CODE>. Карта: <CARD>. Загружены документы: selfie_with_passport.jpg, zapros_med.docx.
[2025-05-17T23:42:00.273Z] Запрос: "Это официальный отчёт о командировке Николая Петрова, который посетил Лондон с 5 по 12 марта 2024 года.   Во время поездки он встретился с представителями компании FutureTech Ltd. и обсудил возможности совместной работы.  На встрече также присутствовал John Smith (менеджер по развитию), проживающий по адресу 221B Baker Street, London.   Контактный email: john.smith@futuretech.co.uk  После совещания было принято решение отправить предварительное соглашение на адрес офиса в Москве:   улица Арбат, дом 15, офис 32, ООО \"Технологии Будущего\". Ответственным за документ назначен Иван Сидоров.  В случае возникновения вопросов, просьба обращаться к Николаю напрямую: petrov.nikolai@mail.ru или по номеру ‪+7 985 123 45 67‬."
[2025-05-17T23:42:02.029Z] STDOUT: "Введите текст для анонимизации:\r\n\r\nРезультат:\r\n\r\n"
[2025-05-17T23:42:02.051Z] STDOUT: "Это официальный отчёт о командировке <FULL_NAME_1>, который посетил <LOCATION_1> с 5 по 12 марта 2024 года.   Во время поездки он встретился с представителями компании <ORG_1>. и обсудил возможности совместной работы.  На встрече также присутствовал <FULL_NAME_2> (менеджер по развитию), проживающий по адресу 221B Baker Street, <ORG_2>.   Контактный email: <EMAIL>  После совещания было принято решение отправить предварительное соглашение на адрес офиса в <LOCATION_2>:   <<ORG_3>>, дом 15, офис <ORG_4>, <ORG_5>\". Ответственным за документ назначен <FULL_NAME_3>.  В случае возникновения вопросов, просьба обращаться к <FULL_NAME_4> напрямую: <EMAIL> или по номеру ‪<PHONE>‬.\r\n"
[2025-05-17T23:42:02.167Z] Ответ: Это официальный отчёт о командировке <FULL_NAME_1>, который посетил <LOCATION_1> с 5 по 12 марта 2024 года.   Во время поездки он встретился с представителями компании <ORG_1>. и обсудил возможности совместной работы.  На встрече также присутствовал <FULL_NAME_2> (менеджер по развитию), проживающий по адресу 221B Baker Street, <ORG_2>.   Контактный email: <EMAIL>  После совещания было принято решение отправить предварительное соглашение на адрес офиса в <LOCATION_2>:   <<ORG_3>>, дом 15, офис <ORG_4>, <ORG_5>". Ответственным за документ назначен <FULL_NAME_3>.  В случае возникновения вопросов, просьба обращаться к <FULL_NAME_4> напрямую: <EMAIL> или по номеру ‪<PHONE>‬.
